[2026-07-19 23:09:26] Indent IND-BAR-20260719-001 approved.
[2026-07-19 23:09:26] Indent IND-BAR-20260719-001 rejected.
[2026-07-20 06:40:19] Indent IND-BAR-20260720-001 approved.
[2026-07-20 06:40:19] Indent IND-BAR-20260720-001 rejected.
[2026-07-20 06:40:19] Indent IND-BAR-20260720-001 approved.
[2026-07-20 06:40:19] Indent IND-BAR-20260720-001 rejected.
[2026-07-20 06:52:03] Indent IND-RES-20260720-003 approved.
[2026-07-20 06:52:04] Indent IND-RES-20260720-002 approved.
[2026-07-22 23:09:14] Indent IND-BAR-20260722-001 approved.
[2026-07-22 23:09:14] Indent IND-BAR-20260722-001 rejected.
[2026-07-22 23:09:14] Indent IND-BAR-20260722-001 approved.
[2026-07-22 23:09:14] Indent IND-BAR-20260722-001 rejected.
[2026-07-22 23:22:15] no_indent from=919999999999 title='Approve'
[2026-07-22 23:22:16] no_indent from=919999999999 title='Reject'
[2026-07-22 23:22:16] no_indent from=918940651222 title='Approved'
[2026-07-22 23:22:16] no_indent from=918940651222 title='rejected'
[2026-07-22 23:22:34] no_indent from=919999999999 title='Approve'
[2026-07-22 23:22:34] no_indent from=919999999999 title='Reject'
[2026-07-22 23:22:34] no_indent from=918940651222 title='Approved'
[2026-07-22 23:22:34] no_indent from=918940651222 title='rejected'
[2026-07-22 23:23:07] Indent IND-BAR-20260722-001 approved.
[2026-07-22 23:23:07] Indent IND-BAR-20260722-001 rejected.
[2026-07-22 23:23:07] Indent IND-BAR-20260722-001 approved.
[2026-07-22 23:23:07] Indent IND-BAR-20260722-001 rejected.
[2026-07-22 23:27:50] Indent IND-BAR-20260722-001 approved.
[2026-07-22 23:27:50] Indent IND-BAR-20260722-001 rejected.
[2026-07-22 23:27:51] Indent IND-BAR-20260722-001 approved.
[2026-07-22 23:27:51] Indent IND-BAR-20260722-001 rejected.
[2026-07-22 23:29:09] Indent IND-BAR-20260722-001 approved.
[2026-07-22 23:29:09] Indent IND-BAR-20260722-001 rejected.
[2026-07-22 23:29:09] Indent IND-BAR-20260722-001 approved.
[2026-07-22 23:29:09] Indent IND-BAR-20260722-001 rejected.
[2026-07-22 23:29:45] Indent IND-BAR-20260722-001 approved.
[2026-07-22 23:29:45] Indent IND-BAR-20260722-001 rejected.
[2026-07-22 23:29:45] Indent IND-BAR-20260722-001 approved.
[2026-07-22 23:29:45] Indent IND-BAR-20260722-001 rejected.
